<?xml version="1.0" encoding="UTF-8"?>
<!-- Generated by org.testng.reporters.JUnitReportReporter -->
<<<<<<< HEAD
<testsuite hostname="DESKTOP-JKHANR1" failures="0" tests="2" name="CalculatorTest" time="0.016" errors="0" timestamp="2022-03-11T15:11:29 GMT" skipped="0">
  <testcase classname="CalculatorTest" name="add" time="0.000"/>
=======
<testsuite hostname="DESKTOP-JKHANR1" failures="0" tests="2" name="CalculatorTest" time="0.015" errors="0" timestamp="2022-03-11T15:01:01 GMT" skipped="0">
  <testcase classname="CalculatorTest" name="add" time="0.015"/>
>>>>>>> 9bb46c9a5d9cde7e0fcdb013a8d24bb5a29d3c9f
  <system-out/>
  <testcase classname="CalculatorTest" name="multiply" time="0.016"/>
  <system-out/>
</testsuite> <!-- CalculatorTest -->
